<?xml version="1.0" encoding="UTF-8"?>
<!-- Generated by org.testng.reporters.JUnitXMLReporter -->
<testsuite hostname="Dell-PC" ignored="1" name="Default test" tests="2" failures="0" timestamp="2020-06-02T08:20:47 IST" time="44.222" errors="0">
  <testcase name="verifyHomePageTitle" time="0.279" classname="com.qa.test.HomePageTest"/>
  <testcase name="verifyMobilesLink" time="10.486" classname="com.qa.test.HomePageTest"/>
  <testcase name="verifySearchText" time="0.0" classname="com.qa.test.HomePageTest">
    <ignored/>
  </testcase> <!-- verifySearchText -->
</testsuite> <!-- Default test -->
