<?xml version="1.0" encoding="UTF-8"?>
<!-- Generated by org.testng.reporters.JUnitXMLReporter -->
<testsuite hostname="Dell-PC" ignored="2" name="Test" tests="4" failures="0" timestamp="2020-06-06T07:49:26 IST" time="711.34" errors="0">
  <testcase name="verifySearchText" time="60.32" classname="com.qa.test.HomePageTest"/>
  <testcase name="verifySearchText" time="236.848" classname="com.qa.test.HomePageTest"/>
  <testcase name="verifySearchText" time="128.12" classname="com.qa.test.HomePageTest"/>
  <testcase name="verifySearchText" time="192.305" classname="com.qa.test.HomePageTest"/>
  <testcase name="verifyHomePageTitle" time="0.0" classname="com.qa.test.HomePageTest">
    <ignored/>
  </testcase> <!-- verifyHomePageTitle -->
  <testcase name="verifyMobilesLink" time="0.0" classname="com.qa.test.HomePageTest">
    <ignored/>
  </testcase> <!-- verifyMobilesLink -->
</testsuite> <!-- Test -->
