<?xml version="1.0" encoding="UTF-8"?>
<testng-results skipped="0" failed="0" ignored="2" total="6" passed="4">
  <reporter-output>
  </reporter-output>
  <suite name="Suite" duration-ms="711340" started-at="2020-06-06T07:37:35 IST" finished-at="2020-06-06T07:49:26 IST">
    <groups>
    </groups>
    <test name="Test" duration-ms="711340" started-at="2020-06-06T07:37:35 IST" finished-at="2020-06-06T07:49:26 IST">
      <class name="com.qa.test.HomePageTest">
        <test-method status="PASS" signature="setUp()[pri:0, instance:com.qa.test.HomePageTest@27808f31]" name="setUp" is-config="true" duration-ms="42235" started-at="2020-06-06T07:37:35 IST" finished-at="2020-06-06T07:38:18 IST">
          <reporter-output>
          </reporter-output>
        </test-method> <!-- setUp -->
        <test-method status="PASS" signature="verifySearchText(java.lang.String)[pri:0, instance:com.qa.test.HomePageTest@27808f31]" name="verifySearchText" duration-ms="60320" started-at="2020-06-06T07:38:18 IST" data-provider="getExcelData" finished-at="2020-06-06T07:39:18 IST">
          <params>
            <param index="0">
              <value>
                <![CDATA[abcdefghijklmnopqrstuvwxyz book]]>
              </value>
            </param>
          </params>
          <reporter-output>
          </reporter-output>
        </test-method> <!-- verifySearchText -->
        <test-method status="PASS" signature="tearDown()[pri:0, instance:com.qa.test.HomePageTest@27808f31]" name="tearDown" is-config="true" duration-ms="889" started-at="2020-06-06T07:39:19 IST" finished-at="2020-06-06T07:39:19 IST">
          <reporter-output>
          </reporter-output>
        </test-method> <!-- tearDown -->
        <test-method status="PASS" signature="setUp()[pri:0, instance:com.qa.test.HomePageTest@27808f31]" name="setUp" is-config="true" duration-ms="15806" started-at="2020-06-06T07:39:19 IST" finished-at="2020-06-06T07:39:35 IST">
          <reporter-output>
          </reporter-output>
        </test-method> <!-- setUp -->
        <test-method status="PASS" signature="verifySearchText(java.lang.String)[pri:0, instance:com.qa.test.HomePageTest@27808f31]" name="verifySearchText" duration-ms="236848" started-at="2020-06-06T07:39:35 IST" data-provider="getExcelData" finished-at="2020-06-06T07:43:32 IST">
          <params>
            <param index="0">
              <value>
                <![CDATA[tablets]]>
              </value>
            </param>
          </params>
          <reporter-output>
          </reporter-output>
        </test-method> <!-- verifySearchText -->
        <test-method status="PASS" signature="tearDown()[pri:0, instance:com.qa.test.HomePageTest@27808f31]" name="tearDown" is-config="true" duration-ms="912" started-at="2020-06-06T07:43:33 IST" finished-at="2020-06-06T07:43:34 IST">
          <reporter-output>
          </reporter-output>
        </test-method> <!-- tearDown -->
        <test-method status="PASS" signature="setUp()[pri:0, instance:com.qa.test.HomePageTest@27808f31]" name="setUp" is-config="true" duration-ms="14913" started-at="2020-06-06T07:43:34 IST" finished-at="2020-06-06T07:43:49 IST">
          <reporter-output>
          </reporter-output>
        </test-method> <!-- setUp -->
        <test-method status="PASS" signature="verifySearchText(java.lang.String)[pri:0, instance:com.qa.test.HomePageTest@27808f31]" name="verifySearchText" duration-ms="128120" started-at="2020-06-06T07:43:49 IST" data-provider="getExcelData" finished-at="2020-06-06T07:45:57 IST">
          <params>
            <param index="0">
              <value>
                <![CDATA[one plus]]>
              </value>
            </param>
          </params>
          <reporter-output>
          </reporter-output>
        </test-method> <!-- verifySearchText -->
        <test-method status="PASS" signature="tearDown()[pri:0, instance:com.qa.test.HomePageTest@27808f31]" name="tearDown" is-config="true" duration-ms="877" started-at="2020-06-06T07:45:57 IST" finished-at="2020-06-06T07:45:58 IST">
          <reporter-output>
          </reporter-output>
        </test-method> <!-- tearDown -->
        <test-method status="PASS" signature="setUp()[pri:0, instance:com.qa.test.HomePageTest@27808f31]" name="setUp" is-config="true" duration-ms="14102" started-at="2020-06-06T07:45:58 IST" finished-at="2020-06-06T07:46:12 IST">
          <reporter-output>
          </reporter-output>
        </test-method> <!-- setUp -->
        <test-method status="PASS" signature="verifySearchText(java.lang.String)[pri:0, instance:com.qa.test.HomePageTest@27808f31]" name="verifySearchText" duration-ms="192305" started-at="2020-06-06T07:46:12 IST" data-provider="getExcelData" finished-at="2020-06-06T07:49:25 IST">
          <params>
            <param index="0">
              <value>
                <![CDATA[shoes]]>
              </value>
            </param>
          </params>
          <reporter-output>
          </reporter-output>
        </test-method> <!-- verifySearchText -->
        <test-method status="PASS" signature="tearDown()[pri:0, instance:com.qa.test.HomePageTest@27808f31]" name="tearDown" is-config="true" duration-ms="888" started-at="2020-06-06T07:49:25 IST" finished-at="2020-06-06T07:49:26 IST">
          <reporter-output>
          </reporter-output>
        </test-method> <!-- tearDown -->
      </class> <!-- com.qa.test.HomePageTest -->
    </test> <!-- Test -->
  </suite> <!-- Suite -->
</testng-results>
